[0m14:30:03.888363 [debug] [MainThread]: Sending event: {'category': 'dbt', 'action': 'invocation', 'label': 'start', 'context': [<snowplow_tracker.self_describing_json.SelfDescribingJson object at 0x00000198BD704590>, <snowplow_tracker.self_describing_json.SelfDescribingJson object at 0x00000198BAC78B90>, <snowplow_tracker.self_describing_json.SelfDescribingJson object at 0x00000198BFC0B890>]}


============================== 14:30:03.892890 | ba6cb530-1a82-40a2-9ef6-d24d915304e2 ==============================
[0m14:30:03.892890 [info ] [MainThread]: Running with dbt=1.12.0
[0m14:30:03.893518 [debug] [MainThread]: running dbt with arguments {'maximum_seed_size_mib': '1', 'no_print': 'None', 'static_parser': 'True', 'warn_error_options': 'WarnErrorOptionsV2(error=[], warn=[], silence=[])', 'target_path': 'None', 'version_check': 'True', 'printer_width': '80', 'write_json': 'True', 'empty': 'None', 'log_cache_events': 'False', 'introspect': 'True', 'cache_selected_only': 'False', 'log_format': 'default', 'debug': 'False', 'fail_fast': 'False', 'profiles_dir': 'C:\\Users\\tanvi\\.dbt', 'send_anonymous_usage_stats': 'True', 'quiet': 'False', 'warn_error': 'None', 'partial_parse': 'True', 'invocation_command': 'dbt init metricmind_dbt', 'hints_enabled': 'True', 'indirect_selection': 'eager', 'use_experimental_parser': 'False', 'use_colors': 'True', 'log_path': 'logs'}
[0m14:30:03.968902 [info ] [MainThread]: Creating dbt configuration folder at C:\Users\tanvi\.dbt
[0m14:30:03.970910 [debug] [MainThread]: Starter project path: D:\AXLERO\metricmind\warehouse\venv\Lib\site-packages\dbt\include\starter_project
[0m14:30:03.996730 [info ] [MainThread]: Setting up your profile.
[0m14:30:29.873340 [debug] [MainThread]: Snowflake adapter: Setting snowflake.connector to ERROR (file logging only)
[0m14:30:29.873805 [debug] [MainThread]: Snowflake adapter: Setting botocore to ERROR (file logging only)
[0m14:30:29.874105 [debug] [MainThread]: Snowflake adapter: Setting boto3 to ERROR (file logging only)
[0m14:33:22.194888 [info ] [MainThread]: Profile metricmind_dbt written to C:\Users\tanvi\.dbt\profiles.yml using target's profile_template.yml and your supplied values.
[0m14:33:22.197922 [info ] [MainThread]: Running dbt debug to validate the project...
[0m14:33:22.199058 [info ] [MainThread]: dbt version: 1.12.0
[0m14:33:22.199720 [info ] [MainThread]: python version: 3.14.6
[0m14:33:22.200351 [info ] [MainThread]: python path: D:\AXLERO\metricmind\warehouse\venv\Scripts\python.exe
[0m14:33:22.200974 [info ] [MainThread]: os info: Windows-11-10.0.26200-SP0
[0m14:33:22.289463 [info ] [MainThread]: Using profiles dir at C:\Users\tanvi\.dbt
[0m14:33:22.290164 [info ] [MainThread]: Using profiles.yml file at C:\Users\tanvi\.dbt\profiles.yml
[0m14:33:22.290651 [info ] [MainThread]: Using dbt_project.yml file at D:\AXLERO\metricmind\warehouse\metricmind_dbt\dbt_project.yml
[0m14:33:22.291963 [info ] [MainThread]: adapter type: snowflake
[0m14:33:22.292452 [info ] [MainThread]: adapter version: 1.12.0
[0m14:33:22.401944 [info ] [MainThread]: Configuration:
[0m14:33:22.402502 [info ] [MainThread]:   profiles.yml file [[32mOK found and valid[0m]
[0m14:33:22.402966 [info ] [MainThread]:   dbt_project.yml file [[32mOK found and valid[0m]
[0m14:33:22.403333 [info ] [MainThread]: Required dependencies:
[0m14:33:22.403740 [debug] [MainThread]: Executing "git --help"
[0m14:33:22.444392 [debug] [MainThread]: STDOUT: "b"usage: git [-v | --version] [-h | --help] [-C <path>] [-c <name>=<value>]\n           [--exec-path[=<path>]] [--html-path] [--man-path] [--info-path]\n           [-p | --paginate | -P | --no-pager] [--no-replace-objects] [--no-lazy-fetch]\n           [--no-optional-locks] [--no-advice] [--bare] [--git-dir=<path>]\n           [--work-tree=<path>] [--namespace=<name>] [--config-env=<name>=<envvar>]\n           <command> [<args>]\n\nThese are common Git commands used in various situations:\n\nstart a working area (see also: git help tutorial)\n   clone      Clone a repository into a new directory\n   init       Create an empty Git repository or reinitialize an existing one\n\nwork on the current change (see also: git help everyday)\n   add        Add file contents to the index\n   mv         Move or rename a file, a directory, or a symlink\n   restore    Restore working tree files\n   rm         Remove files from the working tree and from the index\n\nexamine the history and state (see also: git help revisions)\n   bisect     Use binary search to find the commit that introduced a bug\n   diff       Show changes between commits, commit and working tree, etc\n   grep       Print lines matching a pattern\n   log        Show commit logs\n   show       Show various types of objects\n   status     Show the working tree status\n\ngrow, mark and tweak your common history\n   backfill   Download missing objects in a partial clone\n   branch     List, create, or delete branches\n   commit     Record changes to the repository\n   history    EXPERIMENTAL: Rewrite history\n   merge      Join two or more development histories together\n   rebase     Reapply commits on top of another base tip\n   reset      Set `HEAD` or the index to a known state\n   switch     Switch branches\n   tag        Create, list, delete or verify tags\n\ncollaborate (see also: git help workflows)\n   fetch      Download objects and refs from another repository\n   pull       Fetch from and integrate with another repository or a local branch\n   push       Update remote refs along with associated objects\n\n'git help -a' and 'git help -g' list available subcommands and some\nconcept guides. See 'git help <command>' or 'git help <concept>'\nto read about a specific subcommand or concept.\nSee 'git help git' for an overview of the system.\n""
[0m14:33:22.444953 [debug] [MainThread]: STDERR: "b''"
[0m14:33:22.445368 [info ] [MainThread]:  - git [[32mOK found[0m]

[0m14:33:22.445751 [info ] [MainThread]: Connection:
[0m14:33:22.446192 [info ] [MainThread]:   account: mrntvxx-uf24946
[0m14:33:22.446513 [info ] [MainThread]:   user: TanviSagvekar
[0m14:33:22.446800 [info ] [MainThread]:   database: metricmind_db
[0m14:33:22.447157 [info ] [MainThread]:   warehouse: metricmind_wh
[0m14:33:22.447454 [info ] [MainThread]:   role: ACCOUNTADMIN
[0m14:33:22.447733 [info ] [MainThread]:   schema: raw
[0m14:33:22.448233 [info ] [MainThread]:   authenticator: None
[0m14:33:22.448645 [info ] [MainThread]:   oauth_client_id: None
[0m14:33:22.448979 [info ] [MainThread]:   query_tag: None
[0m14:33:22.449326 [info ] [MainThread]:   client_session_keep_alive: False
[0m14:33:22.449631 [info ] [MainThread]:   host: None
[0m14:33:22.449920 [info ] [MainThread]:   port: None
[0m14:33:22.450213 [info ] [MainThread]:   proxy_host: None
[0m14:33:22.450596 [info ] [MainThread]:   proxy_port: None
[0m14:33:22.450941 [info ] [MainThread]:   protocol: None
[0m14:33:22.451217 [info ] [MainThread]:   connect_retries: 1
[0m14:33:22.451601 [info ] [MainThread]:   connect_timeout: None
[0m14:33:22.452071 [info ] [MainThread]:   retry_on_database_errors: False
[0m14:33:22.452570 [info ] [MainThread]:   retry_all: False
[0m14:33:22.453177 [info ] [MainThread]:   insecure_mode: False
[0m14:33:22.453928 [info ] [MainThread]:   reuse_connections: True
[0m14:33:22.454441 [info ] [MainThread]:   s3_stage_vpce_dns_name: None
[0m14:33:22.454915 [info ] [MainThread]:   workload_identity_provider: None
[0m14:33:22.455216 [info ] [MainThread]:   workload_identity_entra_resource: None
[0m14:33:22.455600 [info ] [MainThread]:   platform_detection_timeout_seconds: 0.0
[0m14:33:22.456245 [info ] [MainThread]: Registered adapter: snowflake=1.12.0
[0m14:33:22.690347 [debug] [MainThread]: Acquiring new snowflake connection 'debug'
[0m14:33:22.692672 [debug] [MainThread]: Using snowflake connection "debug"
[0m14:33:22.692988 [debug] [MainThread]: On debug: select 1 as id
[0m14:33:22.693238 [debug] [MainThread]: Opening a new connection, currently in state init
[0m14:33:24.320113 [debug] [MainThread]: SQL status: SUCCESS 1 in 1.627 seconds
[0m14:33:24.322387 [info ] [MainThread]:   Connection test: [[32mOK connection ok[0m]

[0m14:33:24.323746 [info ] [MainThread]: [32mAll checks passed![0m
[0m14:33:24.325038 [info ] [MainThread]: Your new dbt project "metricmind_dbt" was created!
Initialized new project in D:\AXLERO\metricmind\warehouse\metricmind_dbt\metricmind_dbt

For more information on how to configure the profiles.yml file,
please consult the dbt documentation here:

  https://docs.getdbt.com/docs/configure-your-profile

One more thing:

Need help? Don't hesitate to reach out to us via GitHub issues or on Slack:

  https://community.getdbt.com/

Happy modeling!

[0m14:33:24.327122 [debug] [MainThread]: Command `dbt init` succeeded at 14:33:24.326899 after 200.58 seconds
[0m14:33:24.327696 [debug] [MainThread]: Connection 'debug' was left open.
[0m14:33:24.328196 [debug] [MainThread]: On debug: Close
[0m14:33:24.503972 [debug] [MainThread]: Sending event: {'category': 'dbt', 'action': 'invocation', 'label': 'end', 'context': [<snowplow_tracker.self_describing_json.SelfDescribingJson object at 0x00000198BFA4F360>, <snowplow_tracker.self_describing_json.SelfDescribingJson object at 0x00000198D1D67D10>, <snowplow_tracker.self_describing_json.SelfDescribingJson object at 0x00000198D1C28050>]}
[0m14:33:24.504774 [debug] [MainThread]: Flushing usage events
[0m14:33:25.351739 [debug] [MainThread]: An error was encountered while trying to flush usage events
